{
  "RSpec": {
    "coverage": {
      "/home/reis/blog/app/helpers/application_helper.rb": {
        "lines": [
          1,
          null
        ]
      },
      "/home/reis/blog/app/models/comment.rb": {
        "lines": [
          1,
          1,
          1,
          null,
          1,
          null
        ]
      },
      "/home/reis/blog/app/models/post.rb": {
        "lines": [
          1,
          1,
          null,
          1,
          null,
          1,
          null
        ]
      },
      "/home/reis/blog/app/controllers/posts_controller.rb": {
        "lines": [
          1,
          1,
          10,
          null,
          null,
          1,
          6,
          6,
          null,
          null
        ]
      },
      "/home/reis/blog/app/controllers/application_controller.rb": {
        "lines": [
          1,
          1,
          null,
          1,
          5,
          null,
          null
        ]
      },
      "/home/reis/blog/app/controllers/comments_controller.rb": {
        "lines": [
          1,
          1,
          3,
          3,
          3,
          3,
          3,
          2,
          null,
          1,
          null,
          null,
          null
        ]
      },
      "/home/reis/blog/app/models/application_record.rb": {
        "lines": [
          0,
          0,
          0
        ],
        "branches": {
        }
      },
      "/home/reis/blog/app/models/user.rb": {
        "lines": [
          0,
          null,
          null,
          0,
          0,
          null,
          0,
          0
        ],
        "branches": {
        }
      }
    },
    "timestamp": 1713288522
  }
}
